Started GET "/" for 127.0.0.1 at 2020-04-12 12:30:53 -0700
  [1m[35m (6.5ms)[0m  [1m[34mSELECT sqlite_version(*)[0m
Processing by Rails::WelcomeController#index as HTML
  Rendering /home/ceed/.rvm/gems/ruby-2.6.3/gems/railties-6.0.2.2/lib/rails/templates/rails/welcome/index.html.erb
  Rendered /home/ceed/.rvm/gems/ruby-2.6.3/gems/railties-6.0.2.2/lib/rails/templates/rails/welcome/index.html.erb (Duration: 54.3ms | Allocations: 478)
Completed 200 OK in 324ms (Views: 84.4ms | ActiveRecord: 0.0ms | Allocations: 2721)


  [1m[35m (1.0ms)[0m  [1m[34mSELECT sqlite_version(*)[0m
  [1m[35m (8.2ms)[0m  [1m[35mCREATE TABLE "schema_migrations" ("version" varchar NOT NULL PRIMARY KEY)[0m
  [1m[35m (9.4ms)[0m  [1m[35mCREATE TABLE "ar_internal_metadata" ("key" varchar NOT NULL PRIMARY KEY, "value" varchar, "created_at" datetime(6) NOT NULL, "updated_at" datetime(6) NOT NULL)[0m
  [1m[35m (0.2ms)[0m  [1m[34mSELECT "schema_migrations"."version" FROM "schema_migrations" ORDER BY "schema_migrations"."version" ASC[0m
Migrating to CreateArticles (20200412193725)
  [1m[35m (0.1ms)[0m  [1m[36mbegin transaction[0m
  [1m[35m (5.7ms)[0m  [1m[35mCREATE TABLE "articles" ("id" integer PRIMARY KEY AUTOINCREMENT NOT NULL, "title" varchar, "text" text, "image" varchar, "created_at" datetime(6) NOT NULL, "updated_at" datetime(6) NOT NULL)[0m
  [1m[36mprimary::SchemaMigration Create (0.3ms)[0m  [1m[32mINSERT INTO "schema_migrations" ("version") VALUES (?)[0m  [["version", "20200412193725"]]
  [1m[35m (6.2ms)[0m  [1m[36mcommit transaction[0m
  [1m[36mActiveRecord::InternalMetadata Load (0.3ms)[0m  [1m[34mSELECT "ar_internal_metadata".* FROM "ar_internal_metadata" WHERE "ar_internal_metadata"."key" = ? LIMIT ?[0m  [["key", "environment"], ["LIMIT", 1]]
  [1m[35m (0.1ms)[0m  [1m[36mbegin transaction[0m
  [1m[36mActiveRecord::InternalMetadata Create (6.2ms)[0m  [1m[32mINSERT INTO "ar_internal_metadata" ("key", "value", "created_at", "updated_at") VALUES (?, ?, ?, ?)[0m  [["key", "environment"], ["value", "development"], ["created_at", "2020-04-12 19:38:19.955505"], ["updated_at", "2020-04-12 19:38:19.955505"]]
  [1m[35m (4.8ms)[0m  [1m[36mcommit transaction[0m
  [1m[35m (0.1ms)[0m  [1m[34mSELECT sqlite_version(*)[0m
  [1m[35m (0.2ms)[0m  [1m[34mSELECT "schema_migrations"."version" FROM "schema_migrations" ORDER BY "schema_migrations"."version" ASC[0m
  [1m[35m (0.5ms)[0m  [1m[34mSELECT sqlite_version(*)[0m
  [1m[35m (0.2ms)[0m  [1m[34mSELECT "schema_migrations"."version" FROM "schema_migrations" ORDER BY "schema_migrations"."version" ASC[0m
Migrating to CreateComments (20200412195521)
  [1m[35m (0.1ms)[0m  [1m[36mbegin transaction[0m
  [1m[35m (6.1ms)[0m  [1m[35mCREATE TABLE "comments" ("id" integer PRIMARY KEY AUTOINCREMENT NOT NULL, "commenter" varchar, "body" text, "article_id" integer NOT NULL, "created_at" datetime(6) NOT NULL, "updated_at" datetime(6) NOT NULL, CONSTRAINT "fk_rails_3bf61a60d3"
FOREIGN KEY ("article_id")
  REFERENCES "articles" ("id")
)[0m
  [1m[35m (0.2ms)[0m  [1m[35mCREATE  INDEX "index_comments_on_article_id" ON "comments" ("article_id")[0m
  [1m[36mprimary::SchemaMigration Create (4.0ms)[0m  [1m[32mINSERT INTO "schema_migrations" ("version") VALUES (?)[0m  [["version", "20200412195521"]]
  [1m[35m (4.9ms)[0m  [1m[36mcommit transaction[0m
  [1m[36mActiveRecord::InternalMetadata Load (0.3ms)[0m  [1m[34mSELECT "ar_internal_metadata".* FROM "ar_internal_metadata" WHERE "ar_internal_metadata"."key" = ? LIMIT ?[0m  [["key", "environment"], ["LIMIT", 1]]
  [1m[35m (0.1ms)[0m  [1m[34mSELECT sqlite_version(*)[0m
  [1m[35m (0.2ms)[0m  [1m[34mSELECT "schema_migrations"."version" FROM "schema_migrations" ORDER BY "schema_migrations"."version" ASC[0m
Started GET "/" for 127.0.0.1 at 2020-04-12 13:19:51 -0700
  [1m[35m (11.8ms)[0m  [1m[34mSELECT sqlite_version(*)[0m
  [1m[35m (0.3ms)[0m  [1m[34mSELECT "schema_migrations"."version" FROM "schema_migrations" ORDER BY "schema_migrations"."version" ASC[0m
Processing by WelcomeController#index as HTML
  Rendering welcome/index.html.erb within layouts/application
  Rendered welcome/index.html.erb within layouts/application (Duration: 11.3ms | Allocations: 773)
[Webpacker] Compiling...
[Webpacker] Compiled all packs in /home/ceed/newFolder/megablog/public/packs
[Webpacker] Hash: 32e57f147dbdcbbf0c82
Version: webpack 4.42.1
Time: 7399ms
Built at: 04/12/2020 1:20:09 PM
                                     Asset       Size       Chunks                         Chunk Names
    js/application-bbe9c4a129ab949e0636.js    124 KiB  application  [emitted] [immutable]  application
js/application-bbe9c4a129ab949e0636.js.map    139 KiB  application  [emitted] [dev]        application
                             manifest.json  364 bytes               [emitted]              
Entrypoint application = js/application-bbe9c4a129ab949e0636.js js/application-bbe9c4a129ab949e0636.js.map
[./app/javascript/channels sync recursive _channel\.js$] ./app/javascript/channels sync _channel\.js$ 160 bytes {application} [built]
[./app/javascript/channels/index.js] 211 bytes {application} [built]
[./app/javascript/packs/application.js] 749 bytes {application} [built]
[./node_modules/webpack/buildin/module.js] (webpack)/buildin/module.js 552 bytes {application} [built]
    + 3 hidden modules

Completed 200 OK in 17991ms (Views: 17979.3ms | ActiveRecord: 0.0ms | Allocations: 25466)


Started GET "/articles" for 127.0.0.1 at 2020-04-12 13:20:13 -0700
Processing by ArticlesController#index as HTML
  Rendering articles/index.html.erb within layouts/application
  [1m[36mArticle Load (0.5ms)[0m  [1m[34mSELECT "articles".* FROM "articles"[0m
  ↳ app/views/articles/index.html.erb:10
  Rendered articles/index.html.erb within layouts/application (Duration: 12.6ms | Allocations: 1294)
[Webpacker] Everything's up-to-date. Nothing to do
Completed 200 OK in 258ms (Views: 16.3ms | ActiveRecord: 5.0ms | Allocations: 10475)


Started GET "/articles/new" for 127.0.0.1 at 2020-04-12 13:20:15 -0700
Processing by ArticlesController#new as HTML
Filter chain halted as #<Proc:0x0000561c56995b60@/home/ceed/.rvm/gems/ruby-2.6.3/gems/actionpack-6.0.2.2/lib/action_controller/metal/http_authentication.rb:73> rendered or redirected
Completed 401 Unauthorized in 1ms (ActiveRecord: 0.0ms | Allocations: 245)


Started GET "/articles/new" for 127.0.0.1 at 2020-04-12 13:20:17 -0700
Processing by ArticlesController#new as HTML
Filter chain halted as #<Proc:0x0000561c56995b60@/home/ceed/.rvm/gems/ruby-2.6.3/gems/actionpack-6.0.2.2/lib/action_controller/metal/http_authentication.rb:73> rendered or redirected
Completed 401 Unauthorized in 2ms (ActiveRecord: 0.0ms | Allocations: 267)


Started GET "/articles/new" for 127.0.0.1 at 2020-04-12 13:20:22 -0700
Processing by ArticlesController#new as HTML
  Rendering articles/new.html.erb within layouts/application
  Rendered articles/_form.html.erb (Duration: 179.2ms | Allocations: 8404)
  Rendered articles/new.html.erb within layouts/application (Duration: 182.5ms | Allocations: 8757)
[Webpacker] Everything's up-to-date. Nothing to do
Completed 200 OK in 259ms (Views: 196.3ms | ActiveRecord: 0.6ms | Allocations: 15909)


Started POST "/articles" for 127.0.0.1 at 2020-04-12 13:20:47 -0700
Processing by ArticlesController#create as HTML
  Parameters: {"authenticity_token"=>"s11tEGl2FnMjxWIxsdcbNsxcvuP5kh6bqTtRW7X/ph1wOggAIUfnLLnZGQulIqH8267Rdq5CKetaeSZ0hgblsg==", "article"=>{"title"=>"fjkghngnhjm", "text"=>"hgjm,kmnb", "image"=>"icon.png"}, "commit"=>"Create Article"}
Filter chain halted as #<Proc:0x0000561c56995b60@/home/ceed/.rvm/gems/ruby-2.6.3/gems/actionpack-6.0.2.2/lib/action_controller/metal/http_authentication.rb:73> rendered or redirected
Completed 401 Unauthorized in 2ms (ActiveRecord: 0.0ms | Allocations: 320)


Started POST "/articles" for 127.0.0.1 at 2020-04-12 13:20:47 -0700
Processing by ArticlesController#create as HTML
  Parameters: {"authenticity_token"=>"s11tEGl2FnMjxWIxsdcbNsxcvuP5kh6bqTtRW7X/ph1wOggAIUfnLLnZGQulIqH8267Rdq5CKetaeSZ0hgblsg==", "article"=>{"title"=>"fjkghngnhjm", "text"=>"hgjm,kmnb", "image"=>"icon.png"}, "commit"=>"Create Article"}
  [1m[35m (1.1ms)[0m  [1m[36mbegin transaction[0m
  ↳ app/controllers/articles_controller.rb:18:in `create'
  [1m[36mArticle Create (7.6ms)[0m  [1m[32mINSERT INTO "articles" ("title", "text", "image", "created_at", "updated_at") VALUES (?, ?, ?, ?, ?)[0m  [["title", "fjkghngnhjm"], ["text", "hgjm,kmnb"], ["image", nil], ["created_at", "2020-04-12 20:20:47.256136"], ["updated_at", "2020-04-12 20:20:47.256136"]]
  ↳ app/controllers/articles_controller.rb:18:in `create'
  [1m[35m (5.8ms)[0m  [1m[36mcommit transaction[0m
  ↳ app/controllers/articles_controller.rb:18:in `create'
Redirected to http://localhost:3000/articles/1
Completed 302 Found in 66ms (ActiveRecord: 14.5ms | Allocations: 4499)


Started GET "/articles/1" for 127.0.0.1 at 2020-04-12 13:20:47 -0700
Processing by ArticlesController#show as HTML
  Parameters: {"id"=>"1"}
  [1m[36mArticle Load (0.3ms)[0m  [1m[34mSELECT "articles".* FROM "articles" WHERE "articles"."id" = ? LIMIT ?[0m  [["id", 1], ["LIMIT", 1]]
  ↳ app/controllers/articles_controller.rb:7:in `show'
  Rendering articles/show.html.erb within layouts/application
  [1m[36mComment Load (10.5ms)[0m  [1m[34mSELECT "comments".* FROM "comments" WHERE "comments"."article_id" = ?[0m  [["article_id", 1]]
  ↳ app/views/articles/show.html.erb:17
  Rendered collection of templates [0 times] (Duration: 0.0ms | Allocations: 3)
  Rendered comments/_form.html.erb (Duration: 92.9ms | Allocations: 6198)
  Rendered articles/show.html.erb within layouts/application (Duration: 254.8ms | Allocations: 13793)
[Webpacker] Everything's up-to-date. Nothing to do
Completed 200 OK in 352ms (Views: 311.0ms | ActiveRecord: 11.6ms | Allocations: 18230)


Started GET "/articles" for 127.0.0.1 at 2020-04-12 13:20:53 -0700
Processing by ArticlesController#index as HTML
  Rendering articles/index.html.erb within layouts/application
  [1m[36mArticle Load (0.3ms)[0m  [1m[34mSELECT "articles".* FROM "articles"[0m
  ↳ app/views/articles/index.html.erb:10
  Rendered articles/index.html.erb within layouts/application (Duration: 8.3ms | Allocations: 710)
[Webpacker] Everything's up-to-date. Nothing to do
Completed 200 OK in 39ms (Views: 31.6ms | ActiveRecord: 0.3ms | Allocations: 4114)


Started GET "/articles/1" for 127.0.0.1 at 2020-04-12 13:20:55 -0700
Processing by ArticlesController#show as HTML
  Parameters: {"id"=>"1"}
  [1m[36mArticle Load (0.2ms)[0m  [1m[34mSELECT "articles".* FROM "articles" WHERE "articles"."id" = ? LIMIT ?[0m  [["id", 1], ["LIMIT", 1]]
  ↳ app/controllers/articles_controller.rb:7:in `show'
  Rendering articles/show.html.erb within layouts/application
  [1m[36mComment Load (0.1ms)[0m  [1m[34mSELECT "comments".* FROM "comments" WHERE "comments"."article_id" = ?[0m  [["article_id", 1]]
  ↳ app/views/articles/show.html.erb:17
  Rendered collection of templates [0 times] (Duration: 0.0ms | Allocations: 3)
  Rendered comments/_form.html.erb (Duration: 6.7ms | Allocations: 807)
  Rendered articles/show.html.erb within layouts/application (Duration: 12.2ms | Allocations: 1711)
[Webpacker] Everything's up-to-date. Nothing to do
Completed 200 OK in 31ms (Views: 26.3ms | ActiveRecord: 0.3ms | Allocations: 5628)


Started GET "/articles" for 127.0.0.1 at 2020-04-12 13:20:57 -0700
Processing by ArticlesController#index as HTML
  Rendering articles/index.html.erb within layouts/application
  [1m[36mArticle Load (0.2ms)[0m  [1m[34mSELECT "articles".* FROM "articles"[0m
  ↳ app/views/articles/index.html.erb:10
  Rendered articles/index.html.erb within layouts/application (Duration: 4.9ms | Allocations: 714)
[Webpacker] Everything's up-to-date. Nothing to do
Completed 200 OK in 21ms (Views: 18.8ms | ActiveRecord: 0.2ms | Allocations: 4124)


Started GET "/articles/1/edit" for 127.0.0.1 at 2020-04-12 13:20:58 -0700
Processing by ArticlesController#edit as HTML
  Parameters: {"id"=>"1"}
  [1m[36mArticle Load (0.2ms)[0m  [1m[34mSELECT "articles".* FROM "articles" WHERE "articles"."id" = ? LIMIT ?[0m  [["id", 1], ["LIMIT", 1]]
  ↳ app/controllers/articles_controller.rb:13:in `edit'
  Rendering articles/edit.html.erb within layouts/application
  Rendered articles/_form.html.erb (Duration: 2.4ms | Allocations: 987)
  Rendered articles/edit.html.erb within layouts/application (Duration: 7.0ms | Allocations: 1199)
[Webpacker] Everything's up-to-date. Nothing to do
Completed 200 OK in 32ms (Views: 28.3ms | ActiveRecord: 0.2ms | Allocations: 5272)


Started GET "/articles" for 127.0.0.1 at 2020-04-12 13:21:00 -0700
Processing by ArticlesController#index as HTML
  Rendering articles/index.html.erb within layouts/application
  [1m[36mArticle Load (0.1ms)[0m  [1m[34mSELECT "articles".* FROM "articles"[0m
  ↳ app/views/articles/index.html.erb:10
  Rendered articles/index.html.erb within layouts/application (Duration: 3.5ms | Allocations: 707)
[Webpacker] Everything's up-to-date. Nothing to do
Completed 200 OK in 21ms (Views: 20.0ms | ActiveRecord: 0.1ms | Allocations: 4116)


Started GET "/articles/1" for 127.0.0.1 at 2020-04-12 13:21:01 -0700
Processing by ArticlesController#show as HTML
  Parameters: {"id"=>"1"}
  [1m[36mArticle Load (0.2ms)[0m  [1m[34mSELECT "articles".* FROM "articles" WHERE "articles"."id" = ? LIMIT ?[0m  [["id", 1], ["LIMIT", 1]]
  ↳ app/controllers/articles_controller.rb:7:in `show'
  Rendering articles/show.html.erb within layouts/application
  [1m[36mComment Load (0.1ms)[0m  [1m[34mSELECT "comments".* FROM "comments" WHERE "comments"."article_id" = ?[0m  [["article_id", 1]]
  ↳ app/views/articles/show.html.erb:17
  Rendered collection of templates [0 times] (Duration: 0.0ms | Allocations: 3)
  Rendered comments/_form.html.erb (Duration: 2.1ms | Allocations: 808)
  Rendered articles/show.html.erb within layouts/application (Duration: 9.5ms | Allocations: 1710)
[Webpacker] Everything's up-to-date. Nothing to do
Completed 200 OK in 32ms (Views: 25.4ms | ActiveRecord: 0.3ms | Allocations: 5607)


Started GET "/articles/1" for 127.0.0.1 at 2020-04-12 13:24:04 -0700
Processing by ArticlesController#show as HTML
  Parameters: {"id"=>"1"}
  [1m[36mArticle Load (0.3ms)[0m  [1m[34mSELECT "articles".* FROM "articles" WHERE "articles"."id" = ? LIMIT ?[0m  [["id", 1], ["LIMIT", 1]]
  ↳ app/controllers/articles_controller.rb:7:in `show'
  Rendering articles/show.html.erb within layouts/application
  [1m[36mComment Load (0.2ms)[0m  [1m[34mSELECT "comments".* FROM "comments" WHERE "comments"."article_id" = ?[0m  [["article_id", 1]]
  ↳ app/views/articles/show.html.erb:17
  Rendered collection of templates [0 times] (Duration: 0.0ms | Allocations: 3)
  Rendered comments/_form.html.erb (Duration: 9.9ms | Allocations: 1007)
  Rendered articles/show.html.erb within layouts/application (Duration: 20.0ms | Allocations: 2269)
[Webpacker] Everything's up-to-date. Nothing to do
Completed 200 OK in 44ms (Views: 39.1ms | ActiveRecord: 0.5ms | Allocations: 7108)


Started GET "/articles/new" for 127.0.0.1 at 2020-04-12 13:24:07 -0700
Processing by ArticlesController#new as HTML
  Rendering articles/new.html.erb within layouts/application
  Rendered articles/_form.html.erb (Duration: 89.5ms | Allocations: 4011)
  Rendered articles/new.html.erb within layouts/application (Duration: 90.8ms | Allocations: 4348)
[Webpacker] Everything's up-to-date. Nothing to do
Completed 200 OK in 103ms (Views: 101.2ms | ActiveRecord: 0.0ms | Allocations: 7844)


Started POST "/articles" for 127.0.0.1 at 2020-04-12 13:24:16 -0700
Processing by ArticlesController#create as HTML
  Parameters: {"authenticity_token"=>"yjgYNdFF13SniSWFFXwhhSrB991R8U721ao9ub8FNb8JX30lmXQmKz2VXr8BiZtPPTOYSAYheYYm6EqWjPx2EA==", "article"=>{"title"=>"fghfgnbvc", "text"=>"gjmnbvhjn", "image"=>#<ActionDispatch::Http::UploadedFile:0x00007f15ec071918 @tempfile=#<Tempfile:/tmp/RackMultipart20200412-10802-7jz2wj.png>, @original_filename="image.png", @content_type="image/png", @headers="Content-Disposition: form-data; name=\"article[image]\"; filename=\"image.png\"\r\nContent-Type: image/png\r\n">}, "commit"=>"Create Article"}
  [1m[35m (0.1ms)[0m  [1m[36mbegin transaction[0m
  ↳ app/controllers/articles_controller.rb:18:in `create'
  [1m[36mArticle Create (1.1ms)[0m  [1m[32mINSERT INTO "articles" ("title", "text", "image", "created_at", "updated_at") VALUES (?, ?, ?, ?, ?)[0m  [["title", "fghfgnbvc"], ["text", "gjmnbvhjn"], ["image", "image.png"], ["created_at", "2020-04-12 20:24:18.144637"], ["updated_at", "2020-04-12 20:24:18.144637"]]
  ↳ app/controllers/articles_controller.rb:18:in `create'
  [1m[35m (3.3ms)[0m  [1m[36mcommit transaction[0m
  ↳ app/controllers/articles_controller.rb:18:in `create'
Redirected to http://localhost:3000/articles/2
Completed 302 Found in 1197ms (ActiveRecord: 4.5ms | Allocations: 10016)


Started GET "/articles/2" for 127.0.0.1 at 2020-04-12 13:24:18 -0700
Processing by ArticlesController#show as HTML
  Parameters: {"id"=>"2"}
  [1m[36mArticle Load (0.2ms)[0m  [1m[34mSELECT "articles".* FROM "articles" WHERE "articles"."id" = ? LIMIT ?[0m  [["id", 2], ["LIMIT", 1]]
  ↳ app/controllers/articles_controller.rb:7:in `show'
  Rendering articles/show.html.erb within layouts/application
  [1m[36mComment Load (0.1ms)[0m  [1m[34mSELECT "comments".* FROM "comments" WHERE "comments"."article_id" = ?[0m  [["article_id", 2]]
  ↳ app/views/articles/show.html.erb:17
  Rendered collection of templates [0 times] (Duration: 0.0ms | Allocations: 3)
  Rendered comments/_form.html.erb (Duration: 2.6ms | Allocations: 807)
  Rendered articles/show.html.erb within layouts/application (Duration: 16.6ms | Allocations: 1986)
[Webpacker] Everything's up-to-date. Nothing to do
Completed 200 OK in 42ms (Views: 34.2ms | ActiveRecord: 0.3ms | Allocations: 5883)


Started GET "/articles" for 127.0.0.1 at 2020-04-12 13:24:28 -0700
Processing by ArticlesController#index as HTML
  Rendering articles/index.html.erb within layouts/application
  [1m[36mArticle Load (0.2ms)[0m  [1m[34mSELECT "articles".* FROM "articles"[0m
  ↳ app/views/articles/index.html.erb:10
  Rendered articles/index.html.erb within layouts/application (Duration: 8.6ms | Allocations: 1068)
[Webpacker] Everything's up-to-date. Nothing to do
Completed 200 OK in 32ms (Views: 27.8ms | ActiveRecord: 0.2ms | Allocations: 4617)


Started GET "/articles/1" for 127.0.0.1 at 2020-04-12 13:24:30 -0700
Processing by ArticlesController#show as HTML
  Parameters: {"id"=>"1"}
  [1m[36mArticle Load (0.2ms)[0m  [1m[34mSELECT "articles".* FROM "articles" WHERE "articles"."id" = ? LIMIT ?[0m  [["id", 1], ["LIMIT", 1]]
  ↳ app/controllers/articles_controller.rb:7:in `show'
  Rendering articles/show.html.erb within layouts/application
  [1m[36mComment Load (0.2ms)[0m  [1m[34mSELECT "comments".* FROM "comments" WHERE "comments"."article_id" = ?[0m  [["article_id", 1]]
  ↳ app/views/articles/show.html.erb:17
  Rendered collection of templates [0 times] (Duration: 0.0ms | Allocations: 3)
  Rendered comments/_form.html.erb (Duration: 6.6ms | Allocations: 810)
  Rendered articles/show.html.erb within layouts/application (Duration: 13.4ms | Allocations: 1713)
[Webpacker] Everything's up-to-date. Nothing to do
Completed 200 OK in 35ms (Views: 30.1ms | ActiveRecord: 0.4ms | Allocations: 5608)


Started GET "/articles" for 127.0.0.1 at 2020-04-12 13:24:32 -0700
Processing by ArticlesController#index as HTML
  Rendering articles/index.html.erb within layouts/application
  [1m[36mArticle Load (0.2ms)[0m  [1m[34mSELECT "articles".* FROM "articles"[0m
  ↳ app/views/articles/index.html.erb:10
  Rendered articles/index.html.erb within layouts/application (Duration: 5.5ms | Allocations: 823)
[Webpacker] Everything's up-to-date. Nothing to do
Completed 200 OK in 23ms (Views: 22.1ms | ActiveRecord: 0.2ms | Allocations: 4230)


Started GET "/articles/2" for 127.0.0.1 at 2020-04-12 13:24:33 -0700
Processing by ArticlesController#show as HTML
  Parameters: {"id"=>"2"}
  [1m[36mArticle Load (0.1ms)[0m  [1m[34mSELECT "articles".* FROM "articles" WHERE "articles"."id" = ? LIMIT ?[0m  [["id", 2], ["LIMIT", 1]]
  ↳ app/controllers/articles_controller.rb:7:in `show'
  Rendering articles/show.html.erb within layouts/application
  [1m[36mComment Load (0.1ms)[0m  [1m[34mSELECT "comments".* FROM "comments" WHERE "comments"."article_id" = ?[0m  [["article_id", 2]]
  ↳ app/views/articles/show.html.erb:17
  Rendered collection of templates [0 times] (Duration: 0.0ms | Allocations: 3)
  Rendered comments/_form.html.erb (Duration: 2.1ms | Allocations: 806)
  Rendered articles/show.html.erb within layouts/application (Duration: 13.3ms | Allocations: 1824)
[Webpacker] Everything's up-to-date. Nothing to do
Completed 200 OK in 36ms (Views: 30.6ms | ActiveRecord: 0.3ms | Allocations: 5722)


Started GET "/articles/2" for 127.0.0.1 at 2020-04-12 13:40:01 -0700
  [1m[35m (2.3ms)[0m  [1m[34mSELECT sqlite_version(*)[0m
  [1m[35m (0.3ms)[0m  [1m[34mSELECT "schema_migrations"."version" FROM "schema_migrations" ORDER BY "schema_migrations"."version" ASC[0m
Processing by ArticlesController#show as HTML
  Parameters: {"id"=>"2"}
  [1m[36mArticle Load (0.5ms)[0m  [1m[34mSELECT "articles".* FROM "articles" WHERE "articles"."id" = ? LIMIT ?[0m  [["id", 2], ["LIMIT", 1]]
  ↳ app/controllers/articles_controller.rb:7:in `show'
  Rendering articles/show.html.erb within layouts/application
  [1m[36mComment Load (0.5ms)[0m  [1m[34mSELECT "comments".* FROM "comments" WHERE "comments"."article_id" = ?[0m  [["article_id", 2]]
  ↳ app/views/articles/show.html.erb:17
  Rendered collection of templates [0 times] (Duration: 0.0ms | Allocations: 3)
  Rendered comments/_form.html.erb (Duration: 113.1ms | Allocations: 7640)
  Rendered articles/show.html.erb within layouts/application (Duration: 156.2ms | Allocations: 12428)
[Webpacker] Everything's up-to-date. Nothing to do
Completed 200 OK in 367ms (Views: 275.4ms | ActiveRecord: 11.7ms | Allocations: 28664)


Started GET "/articles" for 127.0.0.1 at 2020-04-12 13:40:08 -0700
Processing by ArticlesController#index as HTML
  Rendering articles/index.html.erb within layouts/application
  [1m[36mArticle Load (2.0ms)[0m  [1m[34mSELECT "articles".* FROM "articles"[0m
  ↳ app/views/articles/index.html.erb:10
  Rendered articles/index.html.erb within layouts/application (Duration: 13.2ms | Allocations: 1118)
[Webpacker] Everything's up-to-date. Nothing to do
Completed 200 OK in 45ms (Views: 41.3ms | ActiveRecord: 2.0ms | Allocations: 4671)


Started GET "/articles/1" for 127.0.0.1 at 2020-04-12 13:40:10 -0700
Processing by ArticlesController#show as HTML
  Parameters: {"id"=>"1"}
  [1m[36mArticle Load (0.2ms)[0m  [1m[34mSELECT "articles".* FROM "articles" WHERE "articles"."id" = ? LIMIT ?[0m  [["id", 1], ["LIMIT", 1]]
  ↳ app/controllers/articles_controller.rb:7:in `show'
  Rendering articles/show.html.erb within layouts/application
  [1m[36mComment Load (0.2ms)[0m  [1m[34mSELECT "comments".* FROM "comments" WHERE "comments"."article_id" = ?[0m  [["article_id", 1]]
  ↳ app/views/articles/show.html.erb:17
  Rendered collection of templates [0 times] (Duration: 0.1ms | Allocations: 3)
  Rendered comments/_form.html.erb (Duration: 3.0ms | Allocations: 810)
  Rendered articles/show.html.erb within layouts/application (Duration: 15.2ms | Allocations: 1715)
[Webpacker] Everything's up-to-date. Nothing to do
Completed 200 OK in 45ms (Views: 40.2ms | ActiveRecord: 0.4ms | Allocations: 5634)


Started GET "/articles" for 127.0.0.1 at 2020-04-12 13:40:20 -0700
Processing by ArticlesController#index as HTML
  Rendering articles/index.html.erb within layouts/application
  [1m[36mArticle Load (0.2ms)[0m  [1m[34mSELECT "articles".* FROM "articles"[0m
  ↳ app/views/articles/index.html.erb:10
  Rendered articles/index.html.erb within layouts/application (Duration: 5.5ms | Allocations: 833)
[Webpacker] Everything's up-to-date. Nothing to do
Completed 200 OK in 80ms (Views: 79.3ms | ActiveRecord: 0.2ms | Allocations: 4246)


Started GET "/articles/2" for 127.0.0.1 at 2020-04-12 13:40:21 -0700
Processing by ArticlesController#show as HTML
  Parameters: {"id"=>"2"}
  [1m[36mArticle Load (0.2ms)[0m  [1m[34mSELECT "articles".* FROM "articles" WHERE "articles"."id" = ? LIMIT ?[0m  [["id", 2], ["LIMIT", 1]]
  ↳ app/controllers/articles_controller.rb:7:in `show'
  Rendering articles/show.html.erb within layouts/application
  [1m[36mComment Load (0.2ms)[0m  [1m[34mSELECT "comments".* FROM "comments" WHERE "comments"."article_id" = ?[0m  [["article_id", 2]]
  ↳ app/views/articles/show.html.erb:17
  Rendered collection of templates [0 times] (Duration: 0.0ms | Allocations: 3)
  Rendered comments/_form.html.erb (Duration: 7.5ms | Allocations: 806)
  Rendered articles/show.html.erb within layouts/application (Duration: 32.5ms | Allocations: 1826)
[Webpacker] Everything's up-to-date. Nothing to do
Completed 200 OK in 80ms (Views: 64.4ms | ActiveRecord: 0.3ms | Allocations: 5740)


Started GET "/articles/2" for 127.0.0.1 at 2020-04-12 13:41:06 -0700
Processing by ArticlesController#show as HTML
  Parameters: {"id"=>"2"}
  [1m[36mArticle Load (0.2ms)[0m  [1m[34mSELECT "articles".* FROM "articles" WHERE "articles"."id" = ? LIMIT ?[0m  [["id", 2], ["LIMIT", 1]]
  ↳ app/controllers/articles_controller.rb:7:in `show'
  Rendering articles/show.html.erb within layouts/application
  [1m[36mComment Load (0.2ms)[0m  [1m[34mSELECT "comments".* FROM "comments" WHERE "comments"."article_id" = ?[0m  [["article_id", 2]]
  ↳ app/views/articles/show.html.erb:16
  Rendered collection of templates [0 times] (Duration: 0.0ms | Allocations: 3)
  Rendered comments/_form.html.erb (Duration: 11.0ms | Allocations: 1006)
  Rendered articles/show.html.erb within layouts/application (Duration: 19.9ms | Allocations: 2383)
[Webpacker] Everything's up-to-date. Nothing to do
Completed 200 OK in 66ms (Views: 58.1ms | ActiveRecord: 0.4ms | Allocations: 7217)


Started GET "/articles/2" for 127.0.0.1 at 2020-04-12 13:41:21 -0700
Processing by ArticlesController#show as HTML
  Parameters: {"id"=>"2"}
  [1m[36mArticle Load (0.2ms)[0m  [1m[34mSELECT "articles".* FROM "articles" WHERE "articles"."id" = ? LIMIT ?[0m  [["id", 2], ["LIMIT", 1]]
  ↳ app/controllers/articles_controller.rb:7:in `show'
  Rendering articles/show.html.erb within layouts/application
  [1m[36mComment Load (0.2ms)[0m  [1m[34mSELECT "comments".* FROM "comments" WHERE "comments"."article_id" = ?[0m  [["article_id", 2]]
  ↳ app/views/articles/show.html.erb:16
  Rendered collection of templates [0 times] (Duration: 0.0ms | Allocations: 3)
  Rendered comments/_form.html.erb (Duration: 3.8ms | Allocations: 812)
  Rendered articles/show.html.erb within layouts/application (Duration: 13.6ms | Allocations: 1833)
[Webpacker] Everything's up-to-date. Nothing to do
Completed 200 OK in 66ms (Views: 55.5ms | ActiveRecord: 0.4ms | Allocations: 5732)


Started GET "/articles/2" for 127.0.0.1 at 2020-04-12 13:41:23 -0700
Processing by ArticlesController#show as HTML
  Parameters: {"id"=>"2"}
  [1m[36mArticle Load (0.1ms)[0m  [1m[34mSELECT "articles".* FROM "articles" WHERE "articles"."id" = ? LIMIT ?[0m  [["id", 2], ["LIMIT", 1]]
  ↳ app/controllers/articles_controller.rb:7:in `show'
  Rendering articles/show.html.erb within layouts/application
  [1m[36mComment Load (0.3ms)[0m  [1m[34mSELECT "comments".* FROM "comments" WHERE "comments"."article_id" = ?[0m  [["article_id", 2]]
  ↳ app/views/articles/show.html.erb:16
  Rendered collection of templates [0 times] (Duration: 0.0ms | Allocations: 3)
  Rendered comments/_form.html.erb (Duration: 2.0ms | Allocations: 806)
  Rendered articles/show.html.erb within layouts/application (Duration: 12.7ms | Allocations: 1824)
[Webpacker] Everything's up-to-date. Nothing to do
Completed 200 OK in 34ms (Views: 30.5ms | ActiveRecord: 0.4ms | Allocations: 5726)


Started GET "/articles/2" for 127.0.0.1 at 2020-04-12 13:41:30 -0700
Processing by ArticlesController#show as HTML
  Parameters: {"id"=>"2"}
  [1m[36mArticle Load (0.1ms)[0m  [1m[34mSELECT "articles".* FROM "articles" WHERE "articles"."id" = ? LIMIT ?[0m  [["id", 2], ["LIMIT", 1]]
  ↳ app/controllers/articles_controller.rb:7:in `show'
  Rendering articles/show.html.erb within layouts/application
  [1m[36mComment Load (0.1ms)[0m  [1m[34mSELECT "comments".* FROM "comments" WHERE "comments"."article_id" = ?[0m  [["article_id", 2]]
  ↳ app/views/articles/show.html.erb:16
  Rendered collection of templates [0 times] (Duration: 0.0ms | Allocations: 3)
  Rendered comments/_form.html.erb (Duration: 4.0ms | Allocations: 806)
  Rendered articles/show.html.erb within layouts/application (Duration: 10.9ms | Allocations: 1823)
[Webpacker] Everything's up-to-date. Nothing to do
Completed 200 OK in 34ms (Views: 27.6ms | ActiveRecord: 0.3ms | Allocations: 5723)


Started GET "/articles/2/edit" for 127.0.0.1 at 2020-04-12 13:42:03 -0700
Processing by ArticlesController#edit as HTML
  Parameters: {"id"=>"2"}
  [1m[36mArticle Load (0.2ms)[0m  [1m[34mSELECT "articles".* FROM "articles" WHERE "articles"."id" = ? LIMIT ?[0m  [["id", 2], ["LIMIT", 1]]
  ↳ app/controllers/articles_controller.rb:13:in `edit'
  Rendering articles/edit.html.erb within layouts/application
  Rendered articles/_form.html.erb (Duration: 599.9ms | Allocations: 152968)
  Rendered articles/edit.html.erb within layouts/application (Duration: 601.7ms | Allocations: 153294)
Completed 500 Internal Server Error in 611ms (ActiveRecord: 0.2ms | Allocations: 154403)


  
ActionView::Template::Error (undefined local variable or method `post' for #<#<Class:0x0000565302eef650>:0x0000565303093998>):
    34:   </p>
    35: 
    36: <% end %>
    37: <%= render 'shared/errors', object: post %>
  
app/views/articles/_form.html.erb:37
app/views/articles/edit.html.erb:3
Started GET "/articles/2/edit" for 127.0.0.1 at 2020-04-12 13:42:17 -0700
Processing by ArticlesController#edit as HTML
  Parameters: {"id"=>"2"}
  [1m[36mArticle Load (0.2ms)[0m  [1m[34mSELECT "articles".* FROM "articles" WHERE "articles"."id" = ? LIMIT ?[0m  [["id", 2], ["LIMIT", 1]]
  ↳ app/controllers/articles_controller.rb:13:in `edit'
  Rendering articles/edit.html.erb within layouts/application
  Rendered articles/_form.html.erb (Duration: 646.5ms | Allocations: 149072)
  Rendered articles/edit.html.erb within layouts/application (Duration: 651.4ms | Allocations: 149138)
Completed 500 Internal Server Error in 661ms (ActiveRecord: 0.2ms | Allocations: 150136)


  
ActionView::Template::Error (undefined local variable or method `post' for #<#<Class:0x0000565302eef650>:0x0000565304ea94f0>):
    34:   </p>
    35: 
    36: <% end %>
    37: <%= render 'shared/errors', object: post %>
  
app/views/articles/_form.html.erb:37
app/views/articles/edit.html.erb:3
Started GET "/articles/2/edit" for 127.0.0.1 at 2020-04-12 13:43:37 -0700
Processing by ArticlesController#edit as HTML
  Parameters: {"id"=>"2"}
  [1m[36mArticle Load (0.2ms)[0m  [1m[34mSELECT "articles".* FROM "articles" WHERE "articles"."id" = ? LIMIT ?[0m  [["id", 2], ["LIMIT", 1]]
  ↳ app/controllers/articles_controller.rb:13:in `edit'
  Rendering articles/edit.html.erb within layouts/application
  Rendered articles/_form.html.erb (Duration: 816.8ms | Allocations: 148567)
  Rendered articles/edit.html.erb within layouts/application (Duration: 820.3ms | Allocations: 148890)
Completed 500 Internal Server Error in 837ms (ActiveRecord: 0.2ms | Allocations: 150603)


  
ActionView::Template::Error (undefined local variable or method `post' for #<#<Class:0x0000565304db6ca0>:0x0000565304db52b0>):
    1: <%= form_with model: @article, local: true do |form| %>
    2: <%= render 'shared/errors', object: post %>
    3:   <% if @article.errors.any? %>
    4:     <div id="error_explanation">
    5:       <h2>
  
app/views/articles/_form.html.erb:2
app/views/articles/_form.html.erb:1
app/views/articles/edit.html.erb:3
Started GET "/articles/2/edit" for 127.0.0.1 at 2020-04-12 13:44:07 -0700
Processing by ArticlesController#edit as HTML
  Parameters: {"id"=>"2"}
  [1m[36mArticle Load (0.2ms)[0m  [1m[34mSELECT "articles".* FROM "articles" WHERE "articles"."id" = ? LIMIT ?[0m  [["id", 2], ["LIMIT", 1]]
  ↳ app/controllers/articles_controller.rb:13:in `edit'
  Rendering articles/edit.html.erb within layouts/application
  Rendered articles/_form.html.erb (Duration: 558.3ms | Allocations: 148718)
  Rendered articles/edit.html.erb within layouts/application (Duration: 565.4ms | Allocations: 149041)
Completed 500 Internal Server Error in 577ms (ActiveRecord: 0.2ms | Allocations: 150745)


  
ActionView::Template::Error (undefined local variable or method `article' for #<#<Class:0x00005653053c8a80>:0x00005653053dec40>
Did you mean?  @article):
    1: <%= form_with model: @article, local: true do |form| %>
    2: <%= render 'shared/errors', object: article %>
    3:   <% if @article.errors.any? %>
    4:     <div id="error_explanation">
    5:       <h2>
  
app/views/articles/_form.html.erb:2
app/views/articles/_form.html.erb:1
app/views/articles/edit.html.erb:3
Started GET "/articles/2/edit" for 127.0.0.1 at 2020-04-12 13:44:20 -0700
Processing by ArticlesController#edit as HTML
  Parameters: {"id"=>"2"}
  [1m[36mArticle Load (0.3ms)[0m  [1m[34mSELECT "articles".* FROM "articles" WHERE "articles"."id" = ? LIMIT ?[0m  [["id", 2], ["LIMIT", 1]]
  ↳ app/controllers/articles_controller.rb:13:in `edit'
  Rendering articles/edit.html.erb within layouts/application
  Rendered shared/_errors.html.erb (Duration: 6.7ms | Allocations: 186)
  Rendered articles/_form.html.erb (Duration: 15.1ms | Allocations: 1698)
  Rendered articles/edit.html.erb within layouts/application (Duration: 20.5ms | Allocations: 2044)
[Webpacker] Everything's up-to-date. Nothing to do
Completed 200 OK in 53ms (Views: 46.8ms | ActiveRecord: 0.3ms | Allocations: 6936)


Started PATCH "/articles/2" for 127.0.0.1 at 2020-04-12 13:44:58 -0700
Processing by ArticlesController#update as HTML
  Parameters: {"authenticity_token"=>"9kEY2CCisJxfp6yHtcGZYby7FD7FyBFrTbvC/YGwxikLKgJ8SnJ1+keqE0jLDUPCNyCh7/mYLRxYiafAxCHnqg==", "article"=>{"title"=>"fghfgnbvc", "text"=>"gjmnbvhjn", "image"=>#<ActionDispatch::Http::UploadedFile:0x00005653055d81b8 @tempfile=#<Tempfile:/tmp/RackMultipart20200412-11449-o8q5u1.pg>, @original_filename="Screenshot from 2020-04-12 13-44-41.pg", @content_type="application/octet-stream", @headers="Content-Disposition: form-data; name=\"article[image]\"; filename=\"Screenshot from 2020-04-12 13-44-41.pg\"\r\nContent-Type: application/octet-stream\r\n">}, "commit"=>"Update Article", "id"=>"2"}
  [1m[36mArticle Load (0.2ms)[0m  [1m[34mSELECT "articles".* FROM "articles" WHERE "articles"."id" = ? LIMIT ?[0m  [["id", 2], ["LIMIT", 1]]
  ↳ app/controllers/articles_controller.rb:25:in `update'
Completed 500 Internal Server Error in 21ms (ActiveRecord: 0.2ms | Allocations: 4683)


  
NoMethodError (undefined method `body' for #<Article:0x0000565306076b10>):
  
app/controllers/articles_controller.rb:27:in `update'
Started PATCH "/articles/2" for 127.0.0.1 at 2020-04-12 13:45:26 -0700
Processing by ArticlesController#update as HTML
  Parameters: {"authenticity_token"=>"9kEY2CCisJxfp6yHtcGZYby7FD7FyBFrTbvC/YGwxikLKgJ8SnJ1+keqE0jLDUPCNyCh7/mYLRxYiafAxCHnqg==", "article"=>{"title"=>"fghfgnbvc", "text"=>"gjmnbvhjn", "image"=>#<ActionDispatch::Http::UploadedFile:0x000056530456a6a0 @tempfile=#<Tempfile:/tmp/RackMultipart20200412-11449-mshzgc.png>, @original_filename="Screenshot from 2020-04-12 13-44-41.png", @content_type="image/png", @headers="Content-Disposition: form-data; name=\"article[image]\"; filename=\"Screenshot from 2020-04-12 13-44-41.png\"\r\nContent-Type: image/png\r\n">}, "commit"=>"Update Article", "id"=>"2"}
  [1m[36mArticle Load (0.2ms)[0m  [1m[34mSELECT "articles".* FROM "articles" WHERE "articles"."id" = ? LIMIT ?[0m  [["id", 2], ["LIMIT", 1]]
  ↳ app/controllers/articles_controller.rb:25:in `update'
Completed 500 Internal Server Error in 577ms (ActiveRecord: 0.2ms | Allocations: 5638)


  
NoMethodError (undefined method `body' for #<Article:0x0000565304ce8fa8>):
  
app/controllers/articles_controller.rb:27:in `update'
Started GET "/articles/2" for 127.0.0.1 at 2020-04-12 13:45:30 -0700
Processing by ArticlesController#show as HTML
  Parameters: {"id"=>"2"}
  [1m[36mArticle Load (0.2ms)[0m  [1m[34mSELECT "articles".* FROM "articles" WHERE "articles"."id" = ? LIMIT ?[0m  [["id", 2], ["LIMIT", 1]]
  ↳ app/controllers/articles_controller.rb:7:in `show'
  Rendering articles/show.html.erb within layouts/application
  [1m[36mComment Load (0.1ms)[0m  [1m[34mSELECT "comments".* FROM "comments" WHERE "comments"."article_id" = ?[0m  [["article_id", 2]]
  ↳ app/views/articles/show.html.erb:16
  Rendered collection of templates [0 times] (Duration: 0.0ms | Allocations: 3)
  Rendered comments/_form.html.erb (Duration: 5.7ms | Allocations: 1009)
  Rendered articles/show.html.erb within layouts/application (Duration: 16.0ms | Allocations: 2397)
[Webpacker] Everything's up-to-date. Nothing to do
Completed 200 OK in 41ms (Views: 37.4ms | ActiveRecord: 0.3ms | Allocations: 6439)


Started GET "/articles/2/edit" for 127.0.0.1 at 2020-04-12 13:45:33 -0700
Processing by ArticlesController#edit as HTML
  Parameters: {"id"=>"2"}
  [1m[36mArticle Load (0.2ms)[0m  [1m[34mSELECT "articles".* FROM "articles" WHERE "articles"."id" = ? LIMIT ?[0m  [["id", 2], ["LIMIT", 1]]
  ↳ app/controllers/articles_controller.rb:13:in `edit'
  Rendering articles/edit.html.erb within layouts/application
  Rendered shared/_errors.html.erb (Duration: 0.0ms | Allocations: 15)
  Rendered articles/_form.html.erb (Duration: 4.6ms | Allocations: 1014)
  Rendered articles/edit.html.erb within layouts/application (Duration: 8.9ms | Allocations: 1099)
[Webpacker] Everything's up-to-date. Nothing to do
Completed 200 OK in 33ms (Views: 28.3ms | ActiveRecord: 0.2ms | Allocations: 5034)


Started PATCH "/articles/2" for 127.0.0.1 at 2020-04-12 13:45:35 -0700
Processing by ArticlesController#update as HTML
  Parameters: {"authenticity_token"=>"fOvdUTLaSCIhl12ZKdFjotq9D/JmvuAM4iejU7JQ2GuY8vEUILcMnEdx3xv3FrNuGpp+IDvjYsmwa3nbaSE25A==", "article"=>{"title"=>"fghfgnbvc", "text"=>"gjmnbvhjn"}, "commit"=>"Update Article", "id"=>"2"}
  [1m[36mArticle Load (0.2ms)[0m  [1m[34mSELECT "articles".* FROM "articles" WHERE "articles"."id" = ? LIMIT ?[0m  [["id", 2], ["LIMIT", 1]]
  ↳ app/controllers/articles_controller.rb:25:in `update'
Completed 500 Internal Server Error in 18ms (ActiveRecord: 0.2ms | Allocations: 3711)


  
NoMethodError (undefined method `body' for #<Article:0x000056530365df68>):
  
app/controllers/articles_controller.rb:27:in `update'
Started POST "/__web_console/repl_sessions/94face2d61e913e95663115e2cabead1/trace" for 127.0.0.1 at 2020-04-12 13:45:42 -0700
Started GET "/articles" for 127.0.0.1 at 2020-04-12 13:45:47 -0700
Processing by ArticlesController#index as HTML
  Rendering articles/index.html.erb within layouts/application
  [1m[36mArticle Load (0.2ms)[0m  [1m[34mSELECT "articles".* FROM "articles"[0m
  ↳ app/views/articles/index.html.erb:10
  Rendered articles/index.html.erb within layouts/application (Duration: 7.9ms | Allocations: 1069)
[Webpacker] Everything's up-to-date. Nothing to do
Completed 200 OK in 35ms (Views: 33.4ms | ActiveRecord: 0.2ms | Allocations: 4619)


Started GET "/articles/new" for 127.0.0.1 at 2020-04-12 13:45:48 -0700
Processing by ArticlesController#new as HTML
  Rendering articles/new.html.erb within layouts/application
  Rendered shared/_errors.html.erb (Duration: 0.0ms | Allocations: 15)
  Rendered articles/_form.html.erb (Duration: 7.4ms | Allocations: 991)
  Rendered articles/new.html.erb within layouts/application (Duration: 8.3ms | Allocations: 1197)
[Webpacker] Everything's up-to-date. Nothing to do
Completed 200 OK in 25ms (Views: 23.3ms | ActiveRecord: 0.0ms | Allocations: 4781)


Started POST "/articles" for 127.0.0.1 at 2020-04-12 13:45:50 -0700
Processing by ArticlesController#create as HTML
  Parameters: {"authenticity_token"=>"hrElqdaLWvOKjcryfG75gx+etPSrntTwAMOWglwERS5F1kC5nrqrrBCRschom0NJCGzbYfxO44DzgeGtb/0GgQ==", "article"=>{"title"=>"", "text"=>""}, "commit"=>"Create Article"}
Completed 500 Internal Server Error in 38ms (ActiveRecord: 0.0ms | Allocations: 3857)


  
NoMethodError (undefined method `body' for #<Article:0x00005653035843a8>):
  
app/controllers/articles_controller.rb:18:in `create'
Started GET "/articles/new" for 127.0.0.1 at 2020-04-12 13:46:13 -0700
Processing by ArticlesController#new as HTML
  Rendering articles/new.html.erb within layouts/application
  Rendered articles/_form.html.erb (Duration: 9.2ms | Allocations: 1260)
  Rendered articles/new.html.erb within layouts/application (Duration: 10.6ms | Allocations: 1603)
[Webpacker] Everything's up-to-date. Nothing to do
Completed 200 OK in 32ms (Views: 29.5ms | ActiveRecord: 0.0ms | Allocations: 5982)


Started POST "/articles" for 127.0.0.1 at 2020-04-12 13:46:16 -0700
Processing by ArticlesController#create as HTML
  Parameters: {"authenticity_token"=>"5CRg2O7NyjmR6wS42qn9E2STdl3/3f9bTLFqGLavJlcZT3p8hB0PX4nmu3ekZSew7wjDjMONwyxZgw8l8z4H1A==", "article"=>{"title"=>"", "text"=>""}, "commit"=>"Create Article"}
Completed 500 Internal Server Error in 15ms (ActiveRecord: 0.0ms | Allocations: 3726)


  
NoMethodError (undefined method `body' for #<Article:0x0000565304649198>):
  
app/controllers/articles_controller.rb:18:in `create'
Started POST "/articles" for 127.0.0.1 at 2020-04-12 13:46:21 -0700
Processing by ArticlesController#create as HTML
  Parameters: {"authenticity_token"=>"5CRg2O7NyjmR6wS42qn9E2STdl3/3f9bTLFqGLavJlcZT3p8hB0PX4nmu3ekZSew7wjDjMONwyxZgw8l8z4H1A==", "article"=>{"title"=>"dfgdhfgn", "text"=>"fdgjh"}, "commit"=>"Create Article"}
Completed 500 Internal Server Error in 18ms (ActiveRecord: 0.0ms | Allocations: 3135)


  
NoMethodError (undefined method `body' for #<Article:0x0000565304eb21b8>):
  
app/controllers/articles_controller.rb:18:in `create'
Started POST "/articles" for 127.0.0.1 at 2020-04-12 13:46:56 -0700
Processing by ArticlesController#create as HTML
  Parameters: {"authenticity_token"=>"5CRg2O7NyjmR6wS42qn9E2STdl3/3f9bTLFqGLavJlcZT3p8hB0PX4nmu3ekZSew7wjDjMONwyxZgw8l8z4H1A==", "article"=>{"title"=>"dfgdhfgn", "text"=>"fdgjh"}, "commit"=>"Create Article"}
Completed 500 Internal Server Error in 15ms (ActiveRecord: 0.0ms | Allocations: 3131)


  
NoMethodError (undefined method `body' for #<Article:0x0000565302c0ab38>):
  
app/controllers/articles_controller.rb:18:in `create'
Started POST "/articles" for 127.0.0.1 at 2020-04-12 13:47:42 -0700
  [1m[35m (0.1ms)[0m  [1m[34mSELECT sqlite_version(*)[0m
Processing by ArticlesController#create as HTML
  Parameters: {"authenticity_token"=>"5CRg2O7NyjmR6wS42qn9E2STdl3/3f9bTLFqGLavJlcZT3p8hB0PX4nmu3ekZSew7wjDjMONwyxZgw8l8z4H1A==", "article"=>{"title"=>"dfgdhfgn", "text"=>"fdgjh"}, "commit"=>"Create Article"}
  [1m[35m (0.1ms)[0m  [1m[36mbegin transaction[0m
  ↳ app/controllers/articles_controller.rb:18:in `create'
  [1m[36mArticle Create (11.8ms)[0m  [1m[32mINSERT INTO "articles" ("title", "text", "created_at", "updated_at") VALUES (?, ?, ?, ?)[0m  [["title", "dfgdhfgn"], ["text", "fdgjh"], ["created_at", "2020-04-12 20:47:42.316781"], ["updated_at", "2020-04-12 20:47:42.316781"]]
  ↳ app/controllers/articles_controller.rb:18:in `create'
  [1m[35m (4.8ms)[0m  [1m[36mcommit transaction[0m
  ↳ app/controllers/articles_controller.rb:18:in `create'
Redirected to http://localhost:3000/articles/3
Completed 302 Found in 137ms (ActiveRecord: 17.7ms | Allocations: 10147)


Started GET "/articles/3" for 127.0.0.1 at 2020-04-12 13:47:42 -0700
Processing by ArticlesController#show as HTML
  Parameters: {"id"=>"3"}
  [1m[36mArticle Load (0.3ms)[0m  [1m[34mSELECT "articles".* FROM "articles" WHERE "articles"."id" = ? LIMIT ?[0m  [["id", 3], ["LIMIT", 1]]
  ↳ app/controllers/articles_controller.rb:7:in `show'
  Rendering articles/show.html.erb within layouts/application
  [1m[36mComment Load (0.3ms)[0m  [1m[34mSELECT "comments".* FROM "comments" WHERE "comments"."article_id" = ?[0m  [["article_id", 3]]
  ↳ app/views/articles/show.html.erb:16
  Rendered collection of templates [0 times] (Duration: 0.1ms | Allocations: 3)
  Rendered comments/_form.html.erb (Duration: 32.8ms | Allocations: 4973)
  Rendered articles/show.html.erb within layouts/application (Duration: 62.1ms | Allocations: 7825)
[Webpacker] Everything's up-to-date. Nothing to do
Completed 200 OK in 103ms (Views: 92.4ms | ActiveRecord: 1.5ms | Allocations: 12701)


Started GET "/articles" for 127.0.0.1 at 2020-04-12 13:47:45 -0700
Processing by ArticlesController#index as HTML
  Rendering articles/index.html.erb within layouts/application
  [1m[36mArticle Load (0.3ms)[0m  [1m[34mSELECT "articles".* FROM "articles"[0m
  ↳ app/views/articles/index.html.erb:10
  Rendered articles/index.html.erb within layouts/application (Duration: 5.4ms | Allocations: 1204)
[Webpacker] Everything's up-to-date. Nothing to do
Completed 200 OK in 23ms (Views: 21.7ms | ActiveRecord: 0.3ms | Allocations: 4747)


Started GET "/articles/3/edit" for 127.0.0.1 at 2020-04-12 13:47:47 -0700
Processing by ArticlesController#edit as HTML
  Parameters: {"id"=>"3"}
  [1m[36mArticle Load (0.2ms)[0m  [1m[34mSELECT "articles".* FROM "articles" WHERE "articles"."id" = ? LIMIT ?[0m  [["id", 3], ["LIMIT", 1]]
  ↳ app/controllers/articles_controller.rb:13:in `edit'
  Rendering articles/edit.html.erb within layouts/application
  Rendered articles/_form.html.erb (Duration: 4.5ms | Allocations: 1303)
  Rendered articles/edit.html.erb within layouts/application (Duration: 9.9ms | Allocations: 1641)
[Webpacker] Everything's up-to-date. Nothing to do
Completed 200 OK in 32ms (Views: 26.0ms | ActiveRecord: 0.2ms | Allocations: 5712)


Started PATCH "/articles/3" for 127.0.0.1 at 2020-04-12 13:47:52 -0700
Processing by ArticlesController#update as HTML
  Parameters: {"authenticity_token"=>"V1D/q8I3dsoyUDPOABDMWa7UO7IMUGrA1XpFtlYAErrBn0yQmvx+pEtYzuXj+IYa8YatObaNmSvR8DHz9xexPQ==", "article"=>{"title"=>"dfgdhfgn", "text"=>"fdgjh", "image"=>#<ActionDispatch::Http::UploadedFile:0x00005653035c0c68 @tempfile=#<Tempfile:/tmp/RackMultipart20200412-11449-f5lma.png>, @original_filename="Screenshot from 2020-04-12 13-44-41.png", @content_type="image/png", @headers="Content-Disposition: form-data; name=\"article[image]\"; filename=\"Screenshot from 2020-04-12 13-44-41.png\"\r\nContent-Type: image/png\r\n">}, "commit"=>"Update Article", "id"=>"3"}
  [1m[36mArticle Load (0.2ms)[0m  [1m[34mSELECT "articles".* FROM "articles" WHERE "articles"."id" = ? LIMIT ?[0m  [["id", 3], ["LIMIT", 1]]
  ↳ app/controllers/articles_controller.rb:25:in `update'
  [1m[35m (0.1ms)[0m  [1m[36mbegin transaction[0m
  ↳ app/controllers/articles_controller.rb:27:in `update'
  [1m[36mArticle Update (2.5ms)[0m  [1m[33mUPDATE "articles" SET "image" = ?, "updated_at" = ? WHERE "articles"."id" = ?[0m  [["image", "Screenshot_from_2020-04-12_13-44-41.png"], ["updated_at", "2020-04-12 20:47:53.214041"], ["id", 3]]
  ↳ app/controllers/articles_controller.rb:27:in `update'
  [1m[35m (3.2ms)[0m  [1m[36mcommit transaction[0m
  ↳ app/controllers/articles_controller.rb:27:in `update'
Redirected to http://localhost:3000/articles/3
Completed 302 Found in 613ms (ActiveRecord: 5.9ms | Allocations: 6680)


Started GET "/articles/3" for 127.0.0.1 at 2020-04-12 13:47:53 -0700
Processing by ArticlesController#show as HTML
  Parameters: {"id"=>"3"}
  [1m[36mArticle Load (0.2ms)[0m  [1m[34mSELECT "articles".* FROM "articles" WHERE "articles"."id" = ? LIMIT ?[0m  [["id", 3], ["LIMIT", 1]]
  ↳ app/controllers/articles_controller.rb:7:in `show'
  Rendering articles/show.html.erb within layouts/application
  [1m[36mComment Load (0.2ms)[0m  [1m[34mSELECT "comments".* FROM "comments" WHERE "comments"."article_id" = ?[0m  [["article_id", 3]]
  ↳ app/views/articles/show.html.erb:16
  Rendered collection of templates [0 times] (Duration: 0.0ms | Allocations: 3)
  Rendered comments/_form.html.erb (Duration: 3.5ms | Allocations: 807)
  Rendered articles/show.html.erb within layouts/application (Duration: 6.8ms | Allocations: 1826)
[Webpacker] Everything's up-to-date. Nothing to do
Completed 200 OK in 23ms (Views: 19.4ms | ActiveRecord: 0.3ms | Allocations: 5722)


Started GET "/articles/3/edit" for 127.0.0.1 at 2020-04-12 13:47:57 -0700
Processing by ArticlesController#edit as HTML
  Parameters: {"id"=>"3"}
  [1m[36mArticle Load (0.1ms)[0m  [1m[34mSELECT "articles".* FROM "articles" WHERE "articles"."id" = ? LIMIT ?[0m  [["id", 3], ["LIMIT", 1]]
  ↳ app/controllers/articles_controller.rb:13:in `edit'
  Rendering articles/edit.html.erb within layouts/application
  Rendered articles/_form.html.erb (Duration: 2.1ms | Allocations: 942)
  Rendered articles/edit.html.erb within layouts/application (Duration: 7.5ms | Allocations: 1027)
[Webpacker] Everything's up-to-date. Nothing to do
Completed 200 OK in 24ms (Views: 19.2ms | ActiveRecord: 0.1ms | Allocations: 4962)


Started PATCH "/articles/3" for 127.0.0.1 at 2020-04-12 13:48:10 -0700
Processing by ArticlesController#update as HTML
  Parameters: {"authenticity_token"=>"kAKNqCLE0yTzOZkVUCUY4FT2wgECJymfrJM6HqDJXjsGzT6Teg/bSooxZD6zzVKjC6RUirj62nSoGU5bAd79vA==", "article"=>{"title"=>"dfgdhfgn", "text"=>"fdgjh", "image"=>#<ActionDispatch::Http::UploadedFile:0x0000565304d36438 @tempfile=#<Tempfile:/tmp/RackMultipart20200412-11449-149e5t0.g>, @original_filename="Screenshot from 2020-04-12 13-44-41.g", @content_type="application/octet-stream", @headers="Content-Disposition: form-data; name=\"article[image]\"; filename=\"Screenshot from 2020-04-12 13-44-41.g\"\r\nContent-Type: application/octet-stream\r\n">}, "commit"=>"Update Article", "id"=>"3"}
  [1m[36mArticle Load (0.2ms)[0m  [1m[34mSELECT "articles".* FROM "articles" WHERE "articles"."id" = ? LIMIT ?[0m  [["id", 3], ["LIMIT", 1]]
  ↳ app/controllers/articles_controller.rb:25:in `update'
  Rendering articles/edit.html.erb within layouts/application
  Rendered articles/_form.html.erb (Duration: 11.4ms | Allocations: 1083)
  Rendered articles/edit.html.erb within layouts/application (Duration: 12.4ms | Allocations: 1168)
[Webpacker] Everything's up-to-date. Nothing to do
Completed 200 OK in 40ms (Views: 24.8ms | ActiveRecord: 0.2ms | Allocations: 6651)


Started GET "/articles" for 127.0.0.1 at 2020-04-12 13:48:20 -0700
Processing by ArticlesController#index as HTML
  Rendering articles/index.html.erb within layouts/application
  [1m[36mArticle Load (0.2ms)[0m  [1m[34mSELECT "articles".* FROM "articles"[0m
  ↳ app/views/articles/index.html.erb:10
  Rendered articles/index.html.erb within layouts/application (Duration: 4.8ms | Allocations: 942)
[Webpacker] Everything's up-to-date. Nothing to do
Completed 200 OK in 24ms (Views: 22.8ms | ActiveRecord: 0.2ms | Allocations: 4343)


Started GET "/articles/new" for 127.0.0.1 at 2020-04-12 13:50:01 -0700
Processing by ArticlesController#new as HTML
  Rendering articles/new.html.erb within layouts/application
  Rendered articles/_form.html.erb (Duration: 5.3ms | Allocations: 909)
  Rendered articles/new.html.erb within layouts/application (Duration: 8.4ms | Allocations: 1112)
[Webpacker] Everything's up-to-date. Nothing to do
Completed 200 OK in 31ms (Views: 29.9ms | ActiveRecord: 0.0ms | Allocations: 4697)


Started POST "/articles" for 127.0.0.1 at 2020-04-12 13:50:06 -0700
Processing by ArticlesController#create as HTML
  Parameters: {"authenticity_token"=>"8ohwQWOljpuPh1wjSsBEMWTTUuP8U+5PqJCQSMGpTQYx7xVRK5R/xBWbJxleNf77cyE9dquD2T9b0udn8lAOqQ==", "article"=>{"title"=>"f", "text"=>"gg"}, "commit"=>"Create Article"}
  Rendering articles/new.html.erb within layouts/application
  Rendered articles/_form.html.erb (Duration: 5.7ms | Allocations: 1042)
  Rendered articles/new.html.erb within layouts/application (Duration: 6.3ms | Allocations: 1127)
[Webpacker] Everything's up-to-date. Nothing to do
Completed 200 OK in 22ms (Views: 15.9ms | ActiveRecord: 0.0ms | Allocations: 5433)


Started POST "/articles" for 127.0.0.1 at 2020-04-12 13:50:10 -0700
Processing by ArticlesController#create as HTML
  Parameters: {"authenticity_token"=>"P5hC5k83pTLBaHG4zCPXFsnqg+L6gdpUNhwzzxIItgjC81hCJedgVNllzney7w21QnE2M8bR5iMjLlbyV5mXiw==", "article"=>{"title"=>"fgjhg", "text"=>"gggfjg"}, "commit"=>"Create Article"}
  [1m[35m (0.1ms)[0m  [1m[36mbegin transaction[0m
  ↳ app/controllers/articles_controller.rb:18:in `create'
  [1m[36mArticle Create (2.5ms)[0m  [1m[32mINSERT INTO "articles" ("title", "text", "created_at", "updated_at") VALUES (?, ?, ?, ?)[0m  [["title", "fgjhg"], ["text", "gggfjg"], ["created_at", "2020-04-12 20:50:10.019315"], ["updated_at", "2020-04-12 20:50:10.019315"]]
  ↳ app/controllers/articles_controller.rb:18:in `create'
  [1m[35m (5.3ms)[0m  [1m[36mcommit transaction[0m
  ↳ app/controllers/articles_controller.rb:18:in `create'
Redirected to http://localhost:3000/articles/4
Completed 302 Found in 31ms (ActiveRecord: 7.8ms | Allocations: 3574)


Started GET "/articles/4" for 127.0.0.1 at 2020-04-12 13:50:10 -0700
Processing by ArticlesController#show as HTML
  Parameters: {"id"=>"4"}
  [1m[36mArticle Load (0.2ms)[0m  [1m[34mSELECT "articles".* FROM "articles" WHERE "articles"."id" = ? LIMIT ?[0m  [["id", 4], ["LIMIT", 1]]
  ↳ app/controllers/articles_controller.rb:7:in `show'
  Rendering articles/show.html.erb within layouts/application
  [1m[36mComment Load (0.1ms)[0m  [1m[34mSELECT "comments".* FROM "comments" WHERE "comments"."article_id" = ?[0m  [["article_id", 4]]
  ↳ app/views/articles/show.html.erb:16
  Rendered collection of templates [0 times] (Duration: 0.0ms | Allocations: 3)
  Rendered comments/_form.html.erb (Duration: 3.2ms | Allocations: 808)
  Rendered articles/show.html.erb within layouts/application (Duration: 17.2ms | Allocations: 1711)
[Webpacker] Everything's up-to-date. Nothing to do
Completed 200 OK in 32ms (Views: 27.6ms | ActiveRecord: 0.3ms | Allocations: 5609)


Started GET "/articles" for 127.0.0.1 at 2020-04-12 13:50:11 -0700
Processing by ArticlesController#index as HTML
  Rendering articles/index.html.erb within layouts/application
  [1m[36mArticle Load (0.2ms)[0m  [1m[34mSELECT "articles".* FROM "articles"[0m
  ↳ app/views/articles/index.html.erb:10
  Rendered articles/index.html.erb within layouts/application (Duration: 5.3ms | Allocations: 1062)
[Webpacker] Everything's up-to-date. Nothing to do
Completed 200 OK in 25ms (Views: 24.0ms | ActiveRecord: 0.2ms | Allocations: 4465)


Started DELETE "/articles/1" for 127.0.0.1 at 2020-04-12 13:50:15 -0700
Processing by ArticlesController#destroy as HTML
  Parameters: {"authenticity_token"=>"vdXWnnkIlZrfZb6FA7YKovCVEZoNVI3ZGYigXkpnLt5Avsw6E9hQ/MdoAUp9etABew6kSzEEsa4MusVjD/YPXQ==", "id"=>"1"}
  [1m[36mArticle Load (2.6ms)[0m  [1m[34mSELECT "articles".* FROM "articles" WHERE "articles"."id" = ? LIMIT ?[0m  [["id", 1], ["LIMIT", 1]]
  ↳ app/controllers/articles_controller.rb:34:in `destroy'
  [1m[35m (0.1ms)[0m  [1m[36mbegin transaction[0m
  ↳ app/controllers/articles_controller.rb:35:in `destroy'
  [1m[36mComment Load (0.1ms)[0m  [1m[34mSELECT "comments".* FROM "comments" WHERE "comments"."article_id" = ?[0m  [["article_id", 1]]
  ↳ app/controllers/articles_controller.rb:35:in `destroy'
  [1m[36mArticle Destroy (1.8ms)[0m  [1m[31mDELETE FROM "articles" WHERE "articles"."id" = ?[0m  [["id", 1]]
  ↳ app/controllers/articles_controller.rb:35:in `destroy'
  [1m[35m (5.2ms)[0m  [1m[36mcommit transaction[0m
  ↳ app/controllers/articles_controller.rb:35:in `destroy'
Redirected to http://localhost:3000/articles
Completed 302 Found in 40ms (ActiveRecord: 9.8ms | Allocations: 4484)


Started GET "/articles" for 127.0.0.1 at 2020-04-12 13:50:15 -0700
Processing by ArticlesController#index as HTML
  Rendering articles/index.html.erb within layouts/application
  [1m[36mArticle Load (0.9ms)[0m  [1m[34mSELECT "articles".* FROM "articles"[0m
  ↳ app/views/articles/index.html.erb:10
  Rendered articles/index.html.erb within layouts/application (Duration: 3.4ms | Allocations: 941)
[Webpacker] Everything's up-to-date. Nothing to do
Completed 200 OK in 22ms (Views: 17.4ms | ActiveRecord: 0.9ms | Allocations: 4342)


